<?xml version="1.0" encoding="UTF-8"?>
<testsuite name="com.niloda.contextdialog.statemachine.RenderingTest" tests="2" skipped="0" failures="0" errors="0" timestamp="2025-11-08T21:49:56.364Z" hostname="MacBookAir.lan" time="0.003">
  <properties/>
  <testcase name="DialogRendering Completed" classname="com.niloda.contextdialog.statemachine.RenderingTest" time="0.001"/>
  <testcase name="DialogRendering QuestionRendering" classname="com.niloda.contextdialog.statemachine.RenderingTest" time="0.001"/>
  <system-out><![CDATA[]]></system-out>
  <system-err><![CDATA[]]></system-err>
</testsuite>
