<?xml version="1.0" encoding="UTF-8"?>
<testsuite name="com.niloda.contextdialog.scenarios.MultiStepMixedQuestionsDialogTest" tests="1" skipped="0" failures="0" errors="0" timestamp="2025-11-08T22:56:37.743Z" hostname="MacBookAir.lan" time="0.001">
  <properties/>
  <testcase name="Multi-step dialog with mixed question types" classname="com.niloda.contextdialog.scenarios.MultiStepMixedQuestionsDialogTest" time="0.001"/>
  <system-out><![CDATA[]]></system-out>
  <system-err><![CDATA[]]></system-err>
</testsuite>
