<?xml version="1.0" encoding="UTF-8"?>
<testsuite name="com.niloda.contextdialog.scenarios.SingleTextQuestionDialogTest" tests="1" skipped="0" failures="0" errors="0" timestamp="2025-11-08T21:52:39.095Z" hostname="MacBookAir.lan" time="0.001">
  <properties/>
  <testcase name="Simple single text question dialog flow" classname="com.niloda.contextdialog.scenarios.SingleTextQuestionDialogTest" time="0.001"/>
  <system-out><![CDATA[]]></system-out>
  <system-err><![CDATA[]]></system-err>
</testsuite>
