<?xml version="1.0" encoding="UTF-8"?>
<testsuite name="com.niloda.contextdialog.QuestionTest" tests="2" skipped="0" failures="0" errors="0" timestamp="2025-11-08T21:49:56.247Z" hostname="MacBookAir.lan" time="0.071">
  <properties/>
  <testcase name="serialize and deserialize Text question" classname="com.niloda.contextdialog.QuestionTest" time="0.066"/>
  <testcase name="serialize and deserialize MultipleChoice question" classname="com.niloda.contextdialog.QuestionTest" time="0.003"/>
  <system-out><![CDATA[]]></system-out>
  <system-err><![CDATA[]]></system-err>
</testsuite>
