<?xml version="1.0" encoding="UTF-8"?>
<testsuite name="com.niloda.contextdialog.statemachine.StateTest" tests="3" skipped="0" failures="0" errors="0" timestamp="2025-11-08T21:52:39.222Z" hostname="MacBookAir.lan" time="0.007">
  <properties/>
  <testcase name="DialogState copy" classname="com.niloda.contextdialog.statemachine.StateTest" time="0.001"/>
  <testcase name="DialogState initial values" classname="com.niloda.contextdialog.statemachine.StateTest" time="0.001"/>
  <testcase name="DialogState with responses" classname="com.niloda.contextdialog.statemachine.StateTest" time="0.002"/>
  <system-out><![CDATA[]]></system-out>
  <system-err><![CDATA[]]></system-err>
</testsuite>
