<?xml version="1.0" encoding="UTF-8"?>
<testsuite name="com.niloda.contextdialog.scenarios.Scenario6Test" tests="2" skipped="0" failures="0" errors="0" timestamp="2025-11-08T21:49:56.349Z" hostname="MacBookAir.lan" time="0.001">
  <properties/>
  <testcase name="Scenario 6 Edge cases invalid actions" classname="com.niloda.contextdialog.scenarios.Scenario6Test" time="0.0"/>
  <testcase name="Scenario 6 Edge cases empty dialog" classname="com.niloda.contextdialog.scenarios.Scenario6Test" time="0.0"/>
  <system-out><![CDATA[]]></system-out>
  <system-err><![CDATA[]]></system-err>
</testsuite>
