<?xml version="1.0" encoding="UTF-8"?>
<testsuite name="com.niloda.contextdialog.DialogFlowTest" tests="2" skipped="0" failures="0" errors="0" timestamp="2025-11-08T21:49:56.224Z" hostname="MacBookAir.lan" time="0.02">
  <properties/>
  <testcase name="DialogFlow with questions" classname="com.niloda.contextdialog.DialogFlowTest" time="0.015"/>
  <testcase name="DialogFlow with empty questions" classname="com.niloda.contextdialog.DialogFlowTest" time="0.003"/>
  <system-out><![CDATA[]]></system-out>
  <system-err><![CDATA[]]></system-err>
</testsuite>
