<?xml version="1.0" encoding="UTF-8"?>
<testsuite name="com.niloda.contextdialog.scenarios.CompletedDialogResponseCollectionTest" tests="1" skipped="0" failures="0" errors="0" timestamp="2025-11-08T21:52:38.988Z" hostname="MacBookAir.lan" time="0.036">
  <properties/>
  <testcase name="Completed dialog with response collection" classname="com.niloda.contextdialog.scenarios.CompletedDialogResponseCollectionTest" time="0.036"/>
  <system-out><![CDATA[]]></system-out>
  <system-err><![CDATA[]]></system-err>
</testsuite>
