<?xml version="1.0" encoding="UTF-8"?>
<testsuite name="com.niloda.contextdialog.QuestionTest" tests="2" skipped="0" failures="0" errors="0" timestamp="2025-11-08T21:52:38.807Z" hostname="MacBookAir.lan" time="0.17">
  <properties/>
  <testcase name="serialize and deserialize Text question" classname="com.niloda.contextdialog.QuestionTest" time="0.158"/>
  <testcase name="serialize and deserialize MultipleChoice question" classname="com.niloda.contextdialog.QuestionTest" time="0.008"/>
  <system-out><![CDATA[]]></system-out>
  <system-err><![CDATA[]]></system-err>
</testsuite>
