<?xml version="1.0" encoding="UTF-8"?>
<testsuite name="com.niloda.contextdialog.DialogFlowTest" tests="2" skipped="0" failures="0" errors="0" timestamp="2025-11-08T22:56:37.656Z" hostname="MacBookAir.lan" time="0.014">
  <properties/>
  <testcase name="DialogFlow with questions" classname="com.niloda.contextdialog.DialogFlowTest" time="0.011"/>
  <testcase name="DialogFlow with empty questions" classname="com.niloda.contextdialog.DialogFlowTest" time="0.002"/>
  <system-out><![CDATA[]]></system-out>
  <system-err><![CDATA[]]></system-err>
</testsuite>
